  20220915_kkw_test1.cpp
D:\C-program\20220915\20220915_kkw_test1\20220915_kkw_test1\20220915_kkw_test1.cpp(11,22): error C2062: 예기치 않은 'int' 형식입니다.
D:\C-program\20220915\20220915_kkw_test1\20220915_kkw_test1\20220915_kkw_test1.cpp(12,21): error C2062: 예기치 않은 'int' 형식입니다.
D:\C-program\20220915\20220915_kkw_test1\20220915_kkw_test1\20220915_kkw_test1.cpp(15,50): error C2065: 'num2': 선언되지 않은 식별자입니다.
D:\C-program\20220915\20220915_kkw_test1\20220915_kkw_test1\20220915_kkw_test1.cpp(17,50): error C2065: 'num4': 선언되지 않은 식별자입니다.
D:\C-program\20220915\20220915_kkw_test1\20220915_kkw_test1\20220915_kkw_test1.cpp(19,12): warning C4473: 'printf': 서식 문자열에 대한 인수가 충분하게 전달되지 않았습니다.
D:\C-program\20220915\20220915_kkw_test1\20220915_kkw_test1\20220915_kkw_test1.cpp(19,12): message : 자리 표시자 및 해당 매개 변수에는 variadic 인수가 3개 필요하지만 0개가 제공되었습니다.
D:\C-program\20220915\20220915_kkw_test1\20220915_kkw_test1\20220915_kkw_test1.cpp(19,12): message : 누락된 variadic 인수 1이(가) 서식 문자열 '%d'에 필요합니다.
D:\C-program\20220915\20220915_kkw_test1\20220915_kkw_test1\20220915_kkw_test1.cpp(20,12): warning C4473: 'printf': 서식 문자열에 대한 인수가 충분하게 전달되지 않았습니다.
D:\C-program\20220915\20220915_kkw_test1\20220915_kkw_test1\20220915_kkw_test1.cpp(20,12): message : 자리 표시자 및 해당 매개 변수에는 variadic 인수가 3개 필요하지만 0개가 제공되었습니다.
D:\C-program\20220915\20220915_kkw_test1\20220915_kkw_test1\20220915_kkw_test1.cpp(20,12): message : 누락된 variadic 인수 1이(가) 서식 문자열 '%d'에 필요합니다.
